{"execution_time": 8,"tests": [{"name": "Test Output 10","number": "","score": 0.0,"max_score": 2.0,"visibility": "visible","output": "Test Failed:     java.lang.IndexOutOfBoundsException: Index 9 out of bounds for length 0\n    at jdk.internal.util.Preconditions.outOfBounds:64 (Preconditions.java)\n    at jdk.internal.util.Preconditions.outOfBoundsCheckIndex:70 (Preconditions.java)\n    at jdk.internal.util.Preconditions.checkIndex:266 (Preconditions.java)\n    at java.util.Objects.checkIndex:359 (Objects.java)\n    at java.util.ArrayList.get:427 (ArrayList.java)\n    at com.gradescope.mountainclimbing.tests.MountainClimbingTest.test_case_10:82 (MountainClimbingTest.java)\n"},{"name": "Test Output 1","number": "","score": 0.0,"max_score": 2.0,"visibility": "visible","output": "Test Failed:     java.lang.IndexOutOfBoundsException: Index 0 out of bounds for length 0\n    at jdk.internal.util.Preconditions.outOfBounds:64 (Preconditions.java)\n    at jdk.internal.util.Preconditions.outOfBoundsCheckIndex:70 (Preconditions.java)\n    at jdk.internal.util.Preconditions.checkIndex:266 (Preconditions.java)\n    at java.util.Objects.checkIndex:359 (Objects.java)\n    at java.util.ArrayList.get:427 (ArrayList.java)\n    at com.gradescope.mountainclimbing.tests.MountainClimbingTest.test_case_1:28 (MountainClimbingTest.java)\n"},{"name": "Test Output 2","number": "","score": 0.0,"max_score": 2.0,"visibility": "visible","output": "Test Failed:     java.lang.IndexOutOfBoundsException: Index 1 out of bounds for length 0\n    at jdk.internal.util.Preconditions.outOfBounds:64 (Preconditions.java)\n    at jdk.internal.util.Preconditions.outOfBoundsCheckIndex:70 (Preconditions.java)\n    at jdk.internal.util.Preconditions.checkIndex:266 (Preconditions.java)\n    at java.util.Objects.checkIndex:359 (Objects.java)\n    at java.util.ArrayList.get:427 (ArrayList.java)\n    at com.gradescope.mountainclimbing.tests.MountainClimbingTest.test_case_2:34 (MountainClimbingTest.java)\n"},{"name": "Test Output 3","number": "","score": 0.0,"max_score": 2.0,"visibility": "visible","output": "Test Failed:     java.lang.IndexOutOfBoundsException: Index 2 out of bounds for length 0\n    at jdk.internal.util.Preconditions.outOfBounds:64 (Preconditions.java)\n    at jdk.internal.util.Preconditions.outOfBoundsCheckIndex:70 (Preconditions.java)\n    at jdk.internal.util.Preconditions.checkIndex:266 (Preconditions.java)\n    at java.util.Objects.checkIndex:359 (Objects.java)\n    at java.util.ArrayList.get:427 (ArrayList.java)\n    at com.gradescope.mountainclimbing.tests.MountainClimbingTest.test_case_3:40 (MountainClimbingTest.java)\n"},{"name": "Test Output 4","number": "","score": 0.0,"max_score": 2.0,"visibility": "visible","output": "Test Failed:     java.lang.IndexOutOfBoundsException: Index 3 out of bounds for length 0\n    at jdk.internal.util.Preconditions.outOfBounds:64 (Preconditions.java)\n    at jdk.internal.util.Preconditions.outOfBoundsCheckIndex:70 (Preconditions.java)\n    at jdk.internal.util.Preconditions.checkIndex:266 (Preconditions.java)\n    at java.util.Objects.checkIndex:359 (Objects.java)\n    at java.util.ArrayList.get:427 (ArrayList.java)\n    at com.gradescope.mountainclimbing.tests.MountainClimbingTest.test_case_4:46 (MountainClimbingTest.java)\n"},{"name": "Test Output 5","number": "","score": 0.0,"max_score": 2.0,"visibility": "visible","output": "Test Failed:     java.lang.IndexOutOfBoundsException: Index 4 out of bounds for length 0\n    at jdk.internal.util.Preconditions.outOfBounds:64 (Preconditions.java)\n    at jdk.internal.util.Preconditions.outOfBoundsCheckIndex:70 (Preconditions.java)\n    at jdk.internal.util.Preconditions.checkIndex:266 (Preconditions.java)\n    at java.util.Objects.checkIndex:359 (Objects.java)\n    at java.util.ArrayList.get:427 (ArrayList.java)\n    at com.gradescope.mountainclimbing.tests.MountainClimbingTest.test_case_5:52 (MountainClimbingTest.java)\n"},{"name": "Test Output 6","number": "","score": 0.0,"max_score": 2.0,"visibility": "visible","output": "Test Failed:     java.lang.IndexOutOfBoundsException: Index 5 out of bounds for length 0\n    at jdk.internal.util.Preconditions.outOfBounds:64 (Preconditions.java)\n    at jdk.internal.util.Preconditions.outOfBoundsCheckIndex:70 (Preconditions.java)\n    at jdk.internal.util.Preconditions.checkIndex:266 (Preconditions.java)\n    at java.util.Objects.checkIndex:359 (Objects.java)\n    at java.util.ArrayList.get:427 (ArrayList.java)\n    at com.gradescope.mountainclimbing.tests.MountainClimbingTest.test_case_6:58 (MountainClimbingTest.java)\n"},{"name": "Test Output 7","number": "","score": 0.0,"max_score": 2.0,"visibility": "visible","output": "Test Failed:     java.lang.IndexOutOfBoundsException: Index 6 out of bounds for length 0\n    at jdk.internal.util.Preconditions.outOfBounds:64 (Preconditions.java)\n    at jdk.internal.util.Preconditions.outOfBoundsCheckIndex:70 (Preconditions.java)\n    at jdk.internal.util.Preconditions.checkIndex:266 (Preconditions.java)\n    at java.util.Objects.checkIndex:359 (Objects.java)\n    at java.util.ArrayList.get:427 (ArrayList.java)\n    at com.gradescope.mountainclimbing.tests.MountainClimbingTest.test_case_7:64 (MountainClimbingTest.java)\n"},{"name": "Test Output 8","number": "","score": 0.0,"max_score": 2.0,"visibility": "visible","output": "Test Failed:     java.lang.IndexOutOfBoundsException: Index 7 out of bounds for length 0\n    at jdk.internal.util.Preconditions.outOfBounds:64 (Preconditions.java)\n    at jdk.internal.util.Preconditions.outOfBoundsCheckIndex:70 (Preconditions.java)\n    at jdk.internal.util.Preconditions.checkIndex:266 (Preconditions.java)\n    at java.util.Objects.checkIndex:359 (Objects.java)\n    at java.util.ArrayList.get:427 (ArrayList.java)\n    at com.gradescope.mountainclimbing.tests.MountainClimbingTest.test_case_8:70 (MountainClimbingTest.java)\n"},{"name": "Test Output 9","number": "","score": 0.0,"max_score": 2.0,"visibility": "visible","output": "Test Failed:     java.lang.IndexOutOfBoundsException: Index 8 out of bounds for length 0\n    at jdk.internal.util.Preconditions.outOfBounds:64 (Preconditions.java)\n    at jdk.internal.util.Preconditions.outOfBoundsCheckIndex:70 (Preconditions.java)\n    at jdk.internal.util.Preconditions.checkIndex:266 (Preconditions.java)\n    at java.util.Objects.checkIndex:359 (Objects.java)\n    at java.util.ArrayList.get:427 (ArrayList.java)\n    at com.gradescope.mountainclimbing.tests.MountainClimbingTest.test_case_9:76 (MountainClimbingTest.java)\n"},{"name": "Test for runtime less than 1 second","number": "","score": 0.0,"max_score": 2.0,"visibility": "visible","output": "Test Failed: Assertion failed    at com.gradescope.mountainclimbing.tests.MountainClimbingPredicates.test_timing:37 (MountainClimbingPredicates.java)\n"},{"name": "Test for the right length of output","number": "","score": 0.0,"max_score": 2.0,"visibility": "visible","output": "Test Failed: expected:<0> but was:<10>\n    at com.gradescope.mountainclimbing.tests.MountainClimbingPredicates.test_output_length:31 (MountainClimbingPredicates.java)\n"}],
"leaderboard": [{"name": "accuracy","value": "0.0","order": "desc"}, {"name": "time (seconds)","value": "0.0","order": "asc"} ] }
